Using pre-set license
Built from '2021.3/staging' branch; Version is '2021.3.2f1 (d6360bedb9a0) revision 14038539'; Using compiler version '192829333'; Build Type 'Release'
OS: 'Windows 11  (10.0.22621) 64bit Core' Language: 'ko' Physical Memory: 32604 MB
BatchMode: 1, IsHumanControllingUs: 0, StartBugReporterOnCrash: 0, Is64bit: 1, IsPro: 1

COMMAND LINE ARGUMENTS:
C:\Program Files\Unity\Hub\Editor\2021.3.2f1\Editor\Unity.exe
-adb2
-batchMode
-noUpm
-name
AssetImportWorker6
-projectPath
C:/Users/6160-11/SurvivalGame
-logFile
Logs/AssetImportWorker6.log
-srvPort
51679
Successfully changed project path to: C:/Users/6160-11/SurvivalGame
C:/Users/6160-11/SurvivalGame
[UnityMemory] Configuration Parameters - Can be set up in boot.config
    "memorysetup-bucket-allocator-granularity=16"
    "memorysetup-bucket-allocator-bucket-count=8"
    "memorysetup-bucket-allocator-block-size=33554432"
    "memorysetup-bucket-allocator-block-count=8"
    "memorysetup-main-allocator-block-size=16777216"
    "memorysetup-thread-allocator-block-size=16777216"
    "memorysetup-gfx-main-allocator-block-size=16777216"
    "memorysetup-gfx-thread-allocator-block-size=16777216"
    "memorysetup-cache-allocator-block-size=4194304"
    "memorysetup-typetree-allocator-block-size=2097152"
    "memorysetup-profiler-bucket-allocator-granularity=16"
    "memorysetup-profiler-bucket-allocator-bucket-count=8"
    "memorysetup-profiler-bucket-allocator-block-size=33554432"
    "memorysetup-profiler-bucket-allocator-block-count=8"
    "memorysetup-profiler-allocator-block-size=16777216"
    "memorysetup-profiler-editor-allocator-block-size=1048576"
    "memorysetup-temp-allocator-size-main=16777216"
    "memorysetup-job-temp-allocator-block-size=2097152"
    "memorysetup-job-temp-allocator-block-size-background=1048576"
    "memorysetup-job-temp-allocator-reduction-small-platforms=262144"
    "memorysetup-temp-allocator-size-background-worker=32768"
    "memorysetup-temp-allocator-size-job-worker=262144"
    "memorysetup-temp-allocator-size-preload-manager=33554432"
    "memorysetup-temp-allocator-size-nav-mesh-worker=65536"
    "memorysetup-temp-allocator-size-audio-worker=65536"
    "memorysetup-temp-allocator-size-cloud-worker=32768"
    "memorysetup-temp-allocator-size-gi-baking-worker=262144"
    "memorysetup-temp-allocator-size-gfx=262144"
Refreshing native plugins compatible for Editor in 45.78 ms, found 3 plugins.
Preloading 0 native plugins for Editor in 0.00 ms.
Initialize engine version: 2021.3.2f1 (d6360bedb9a0)
[Subsystems] Discovering subsystems at path C:/Program Files/Unity/Hub/Editor/2021.3.2f1/Editor/Data/Resources/UnitySubsystems
[Subsystems] Discovering subsystems at path C:/Users/6160-11/SurvivalGame/Assets
GfxDevice: creating device client; threaded=0; jobified=0
Direct3D:
    Version:  Direct3D 11.0 [level 11.1]
    Renderer: NVIDIA GeForce RTX 4070 Ti (ID=0x2782)
    Vendor:   NVIDIA
    VRAM:     12010 MB
    Driver:   31.0.15.3161
Initialize mono
Mono path[0] = 'C:/Program Files/Unity/Hub/Editor/2021.3.2f1/Editor/Data/Managed'
Mono path[1] = 'C:/Program Files/Unity/Hub/Editor/2021.3.2f1/Editor/Data/MonoBleedingEdge/lib/mono/unityjit-win32'
Mono config path = 'C:/Program Files/Unity/Hub/Editor/2021.3.2f1/Editor/Data/MonoBleedingEdge/etc'
Using monoOptions --debugger-agent=transport=dt_socket,embedding=1,server=y,suspend=n,address=127.0.0.1:56956
Begin MonoManager ReloadAssembly
Registering precompiled unity dll's ...
Register platform support module: C:/Program Files/Unity/Hub/Editor/2021.3.2f1/Editor/Data/PlaybackEngines/AndroidPlayer/UnityEditor.Android.Extensions.dll
Register platform support module: C:/Program Files/Unity/Hub/Editor/2021.3.2f1/Editor/Data/PlaybackEngines/WindowsStandaloneSupport/UnityEditor.WindowsStandalone.Extensions.dll
Registered in 0.010225 seconds.
Native extension for WindowsStandalone target not found
Native extension for Android target not found
Refreshing native plugins compatible for Editor in 42.82 ms, found 3 plugins.
Preloading 0 native plugins for Editor in 0.00 ms.
Mono: successfully reloaded assembly
- Completed reload, in  0.417 seconds
Domain Reload Profiling:
	ReloadAssembly (417ms)
		BeginReloadAssembly (70ms)
			ExecutionOrderSort (0ms)
			DisableScriptedObjects (0ms)
			BackupInstance (0ms)
			ReleaseScriptingObjects (0ms)
			CreateAndSetChildDomain (0ms)
		EndReloadAssembly (266ms)
			LoadAssemblies (67ms)
			RebuildTransferFunctionScriptingTraits (0ms)
			SetupTypeCache (61ms)
			ReleaseScriptCaches (0ms)
			RebuildScriptCaches (15ms)
			SetupLoadedEditorAssemblies (154ms)
				LogAssemblyErrors (0ms)
				InitializePlatformSupportModulesInManaged (36ms)
				SetLoadedEditorAssemblies (0ms)
				RefreshPlugins (43ms)
				BeforeProcessingInitializeOnLoad (1ms)
				ProcessInitializeOnLoadAttributes (49ms)
				ProcessInitializeOnLoadMethodAttributes (25ms)
				AfterProcessingInitializeOnLoad (0ms)
				EditorAssembliesLoaded (0ms)
			ExecutionOrderSort2 (0ms)
			AwakeInstancesAfterBackupRestoration (0ms)
Platform modules already initialized, skipping
Registering precompiled user dll's ...
Registered in 0.004632 seconds.
Begin MonoManager ReloadAssembly
Symbol file LoadedFromMemory doesn't match image C:\Users\6160-11\SurvivalGame\Library\PackageCache\com.unity.visualscripting@1.7.6\Editor\VisualScripting.Core\Dependencies\YamlDotNet\Unity.VisualScripting.YamlDotNet.dll
Symbol file LoadedFromMemory doesn't match image C:\Users\6160-11\SurvivalGame\Library\PackageCache\com.unity.visualscripting@1.7.6\Editor\VisualScripting.Core\Dependencies\DotNetZip\Unity.VisualScripting.IonicZip.dll
Native extension for WindowsStandalone target not found
Native extension for Android target not found
Refreshing native plugins compatible for Editor in 0.32 ms, found 3 plugins.
Preloading 0 native plugins for Editor in 0.00 ms.
Mono: successfully reloaded assembly
- Completed reload, in  0.737 seconds
Domain Reload Profiling:
	ReloadAssembly (737ms)
		BeginReloadAssembly (202ms)
			ExecutionOrderSort (0ms)
			DisableScriptedObjects (3ms)
			BackupInstance (0ms)
			ReleaseScriptingObjects (0ms)
			CreateAndSetChildDomain (127ms)
		EndReloadAssembly (455ms)
			LoadAssemblies (75ms)
			RebuildTransferFunctionScriptingTraits (0ms)
			SetupTypeCache (138ms)
			ReleaseScriptCaches (0ms)
			RebuildScriptCaches (25ms)
			SetupLoadedEditorAssemblies (208ms)
				LogAssemblyErrors (0ms)
				InitializePlatformSupportModulesInManaged (10ms)
				SetLoadedEditorAssemblies (0ms)
				RefreshPlugins (0ms)
				BeforeProcessingInitializeOnLoad (56ms)
				ProcessInitializeOnLoadAttributes (117ms)
				ProcessInitializeOnLoadMethodAttributes (15ms)
				AfterProcessingInitializeOnLoad (10ms)
				EditorAssembliesLoaded (0ms)
			ExecutionOrderSort2 (0ms)
			AwakeInstancesAfterBackupRestoration (5ms)
Platform modules already initialized, skipping
========================================================================
Worker process is ready to serve import requests
Launched and connected shader compiler UnityShaderCompiler.exe after 0.02 seconds
Refreshing native plugins compatible for Editor in 0.38 ms, found 3 plugins.
Preloading 0 native plugins for Editor in 0.00 ms.
Unloading 3362 Unused Serialized files (Serialized files now loaded: 0)
Unloading 26 unused Assets / (112.7 KB). Loaded Objects now: 3839.
Memory consumption went from 128.5 MB to 128.4 MB.
Total: 2.996800 ms (FindLiveObjects: 0.244900 ms CreateObjectMapping: 0.071500 ms MarkObjects: 2.577000 ms  DeleteObjects: 0.102500 ms)

AssetImportParameters requested are different than current active one (requested -> active):
  custom:video-decoder-ogg-theora: a1e56fd34408186e4bbccfd4996cb3dc -> 
  custom:container-muxer-webm: aa71ff27fc2769a1b78a27578f13a17b -> 
  custom:container-demuxer-webm: 4f35f7cbe854078d1ac9338744f61a02 -> 
  custom:video-encoder-webm-vp8: eb34c28f22e8b96e1ab97ce403110664 -> 
  custom:video-codec-MediaFoundation-h265: 746d11721c4dcdbdad8f713fa42b33f4 -> 
  custom:audio-encoder-webm-vorbis: bf7c407c2cedff20999df2af8eb42d56 -> 
  custom:framework-win-MediaFoundation: 216162199b28c13a410421893ffa2e32 -> 
  custom:container-demuxer-ogg: 62fdf1f143b41e24485cea50d1cbac27 -> 
  custom:video-decoder-webm-vp8: 9c59270c3fd7afecdb556c50c9e8de78 -> 
  custom:audio-decoder-ogg-vorbis: bf7c407c2cedff20999df2af8eb42d56 -> 
========================================================================
Received Import Request.
  Time since last request: 86170.826094 seconds.
  path: Packages/com.unity.collab-proxy/Editor/Collaborate/Assets/Icons/back-dark@2x.png
  artifactKey: Guid(9c6313a5316f8a34b852bf94ff96e3ab) Importer(815301076,1909f56bfc062723c751e8b465ee728b)
Start importing Packages/com.unity.collab-proxy/Editor/Collaborate/Assets/Icons/back-dark@2x.png using Guid(9c6313a5316f8a34b852bf94ff96e3ab) Importer(815301076,1909f56bfc062723c751e8b465ee728b)  -> (artifact id: 'ada81c8339c260e6660cfa4884d48f25') in 0.044906 seconds 
========================================================================
Received Import Request.
  Time since last request: 1.467145 seconds.
  path: Packages/com.unity.collab-proxy/Editor/Collaborate/Assets/Icons/collaborate-progress-dark@2x.png
  artifactKey: Guid(116a8defb66aa304d97c1fd15f044486) Importer(815301076,1909f56bfc062723c751e8b465ee728b)
Start importing Packages/com.unity.collab-proxy/Editor/Collaborate/Assets/Icons/collaborate-progress-dark@2x.png using Guid(116a8defb66aa304d97c1fd15f044486) Importer(815301076,1909f56bfc062723c751e8b465ee728b)  -> (artifact id: 'e224a3d2cf18ddfa7cf849e6dd3c4f52') in 0.008816 seconds 
========================================================================
Received Import Request.
  Time since last request: 843.616350 seconds.
  path: Assets/Textures/NewLayer.terrainlayer
  artifactKey: Guid(5fb8fb3c463aae642ad590e830e1075c) Importer(815301076,1909f56bfc062723c751e8b465ee728b)
Start importing Assets/Textures/NewLayer.terrainlayer using Guid(5fb8fb3c463aae642ad590e830e1075c) Importer(815301076,1909f56bfc062723c751e8b465ee728b)  -> (artifact id: 'f708146e0fa629b0b46cf14c686f4304') in 0.029096 seconds 
========================================================================
Received Import Request.
  Time since last request: 37.950169 seconds.
  path: Assets/Tree.prefab
  artifactKey: Guid(3d64c4b6866adeb4a89ba65ff44d0424) Importer(815301076,1909f56bfc062723c751e8b465ee728b)
Start importing Assets/Tree.prefab using Guid(3d64c4b6866adeb4a89ba65ff44d0424) Importer(815301076,1909f56bfc062723c751e8b465ee728b)  -> (artifact id: 'b2d549eed28c423828a3970783f6b36c') in 0.316609 seconds 
========================================================================
Received Import Request.
  Time since last request: 6.846098 seconds.
  path: Assets/Sound/SE/Button_SlotClick_littlerobotsoundfactory.mp3
  artifactKey: Guid(538b555b6803bb14c980cd5af86f05e3) Importer(815301076,1909f56bfc062723c751e8b465ee728b)
Start importing Assets/Sound/SE/Button_SlotClick_littlerobotsoundfactory.mp3 using Guid(538b555b6803bb14c980cd5af86f05e3) Importer(815301076,1909f56bfc062723c751e8b465ee728b)  -> (artifact id: 'f13a3a1093af5b1def2e12f96ff8aa80') in 0.085767 seconds 
========================================================================
Received Import Request.
  Time since last request: 0.000014 seconds.
  path: Assets/3D Model/Pickaxe.fbx
  artifactKey: Guid(26cf5fef784aaab43be7469fe5a7e84e) Importer(815301076,1909f56bfc062723c751e8b465ee728b)
Start importing Assets/3D Model/Pickaxe.fbx using Guid(26cf5fef784aaab43be7469fe5a7e84e) Importer(815301076,1909f56bfc062723c751e8b465ee728b)  -> (artifact id: '22acba97f758b6066901274b6fba329a') in 0.028573 seconds 
========================================================================
Received Import Request.
  Time since last request: 0.000017 seconds.
  path: Assets/3D Model/SubMachineGun2.fbx
  artifactKey: Guid(61fedfee711276647a14da4037ebd24f) Importer(815301076,1909f56bfc062723c751e8b465ee728b)
Start importing Assets/3D Model/SubMachineGun2.fbx using Guid(61fedfee711276647a14da4037ebd24f) Importer(815301076,1909f56bfc062723c751e8b465ee728b)  -> (artifact id: 'a0f454d7a09fe89d2d20826d6b78b0bd') in 0.020012 seconds 
========================================================================
Received Import Request.
  Time since last request: 0.000012 seconds.
  path: Assets/Image/UI/Craft_Manual/Craft_Manul_BuildTab_Roof Tip.png
  artifactKey: Guid(8d99e385e961622449f4d70af6c7fe67) Importer(815301076,1909f56bfc062723c751e8b465ee728b)
Start importing Assets/Image/UI/Craft_Manual/Craft_Manul_BuildTab_Roof Tip.png using Guid(8d99e385e961622449f4d70af6c7fe67) Importer(815301076,1909f56bfc062723c751e8b465ee728b)  -> (artifact id: 'bdd1902c6e7aa23ed1b061abb9711c63') in 0.007509 seconds 
========================================================================
Received Import Request.
  Time since last request: 0.000014 seconds.
  path: Assets/Sound/SE/pickaxe_striking_rock_benboncan.wav
  artifactKey: Guid(dbe2f22623d5be64db8b0c518da10ec9) Importer(815301076,1909f56bfc062723c751e8b465ee728b)
Start importing Assets/Sound/SE/pickaxe_striking_rock_benboncan.wav using Guid(dbe2f22623d5be64db8b0c518da10ec9) Importer(815301076,1909f56bfc062723c751e8b465ee728b)  -> (artifact id: 'f6c5f04a1c1b4b1da4d7e8bc204ea22e') in 0.007681 seconds 
========================================================================
Received Import Request.
  Time since last request: 0.000013 seconds.
  path: Assets/Image/UI/Craft_Manual/Craft_Manul_BuildTab_Roof Cliff.png
  artifactKey: Guid(8044634756439e740856bdd0e3cda2b9) Importer(815301076,1909f56bfc062723c751e8b465ee728b)
Start importing Assets/Image/UI/Craft_Manual/Craft_Manul_BuildTab_Roof Cliff.png using Guid(8044634756439e740856bdd0e3cda2b9) Importer(815301076,1909f56bfc062723c751e8b465ee728b)  -> (artifact id: 'a654721a1010545437a13ed38ed89bb8') in 0.007172 seconds 
========================================================================
Received Import Request.
  Time since last request: 0.000013 seconds.
  path: Assets/3D Model/lowPoly_arms_SubMachineGun.fbx
  artifactKey: Guid(44356cf6f8ed1a644a7989a2b633933d) Importer(815301076,1909f56bfc062723c751e8b465ee728b)
Start importing Assets/3D Model/lowPoly_arms_SubMachineGun.fbx using Guid(44356cf6f8ed1a644a7989a2b633933d) Importer(815301076,1909f56bfc062723c751e8b465ee728b)  -> (artifact id: 'd13d07398d919712dd436d48a81dc210') in 0.079105 seconds 
========================================================================
Received Import Request.
  Time since last request: 0.000012 seconds.
  path: Assets/Image/UI/Craft_Manual/Craft_Manual_Base_Arrow.png
  artifactKey: Guid(719fd3865ecec1340849ab4c41c299ed) Importer(815301076,1909f56bfc062723c751e8b465ee728b)
Start importing Assets/Image/UI/Craft_Manual/Craft_Manual_Base_Arrow.png using Guid(719fd3865ecec1340849ab4c41c299ed) Importer(815301076,1909f56bfc062723c751e8b465ee728b)  -> (artifact id: '28cb38751f2670a6f623377da1b634ca') in 0.007723 seconds 
========================================================================
Received Import Request.
  Time since last request: 0.058933 seconds.
  path: Assets/3D Model/Rock_Debris.fbx
  artifactKey: Guid(1b4b4a47be551ed4c9d02937e7cb7cd5) Importer(815301076,1909f56bfc062723c751e8b465ee728b)
Start importing Assets/3D Model/Rock_Debris.fbx using Guid(1b4b4a47be551ed4c9d02937e7cb7cd5) Importer(815301076,1909f56bfc062723c751e8b465ee728b)  -> (artifact id: 'ee3162d41bb8ff4d75ea13a8acc06d94') in 0.126817 seconds 
========================================================================
Received Import Request.
  Time since last request: 0.000012 seconds.
  path: Assets/3D Model/rocket.fbx
  artifactKey: Guid(24643176c95d27343908a4151edf87fb) Importer(815301076,1909f56bfc062723c751e8b465ee728b)
Start importing Assets/3D Model/rocket.fbx using Guid(24643176c95d27343908a4151edf87fb) Importer(815301076,1909f56bfc062723c751e8b465ee728b)  -> (artifact id: '2ebd23fc7c72b27fb9a1ed69311dd8e8') in 0.124488 seconds 
Editor requested this worker to shutdown with reason: Scaling down because of idle timeout
AssetImportWorker is now disconnected from the server
Process exiting
Exiting without the bug reporter. Application will terminate with return code 0